<?xml version="1.0" encoding="UTF-8"?>
<!-- Generated by org.testng.reporters.JUnitReportReporter -->
<testsuite hostname="IN-CTJWDK3" failures="0" tests="1" name="com.qa.test.LeaveApplicationTest" time="58.836" errors="0" timestamp="2025-08-05T17:00:06 IST" skipped="0">
  <testcase classname="com.qa.test.LeaveApplicationTest" name="testLeaveApplyInLeaveApplication" time="58.836"/>
  <system-out/>
</testsuite> <!-- com.qa.test.LeaveApplicationTest -->
