<?xml version="1.0" encoding="UTF-8"?>
<!-- Generated by org.testng.reporters.JUnitReportReporter -->
<testsuite hostname="IN-CTJWDK3" failures="0" tests="7" name="com.qa.test.LoginPageTest" time="99.567" errors="2" timestamp="2025-08-15T13:11:37 IST" skipped="1">
  <testcase classname="com.qa.test.LoginPageTest" name="loginPageNavigationTest1" time="21.707">
    <error message="Error {
  message=&#039;Target page, context or browser has been closed
  name=&#039;TargetClosedError
  stack=&#039;TargetClosedError: Target page, context or browser has been closed
    at DispatcherConnection.dispatch (C:\Users\omgoyal\AppData\Local\Temp\playwright-java-16079532416761377328\package\lib\server\dispatchers\dispatcher.js:283:44)
    at transport.onmessage (C:\Users\omgoyal\AppData\Local\Temp\playwright-java-16079532416761377328\package\lib\cli\driver.js:52:57)
    at Immediate._onImmediate (C:\Users\omgoyal\AppData\Local\Temp\playwright-java-16079532416761377328\package\lib\server\utils\pipeTransport.js:77:34)
    at process.processImmediate (node:internal/timers:491:21)
}" type="com.microsoft.playwright.impl.TargetClosedError">
      <![CDATA[com.microsoft.playwright.impl.TargetClosedError: Error {
  message='Target page, context or browser has been closed
  name='TargetClosedError
  stack='TargetClosedError: Target page, context or browser has been closed
    at DispatcherConnection.dispatch (C:\Users\omgoyal\AppData\Local\Temp\playwright-java-16079532416761377328\package\lib\server\dispatchers\dispatcher.js:283:44)
    at transport.onmessage (C:\Users\omgoyal\AppData\Local\Temp\playwright-java-16079532416761377328\package\lib\cli\driver.js:52:57)
    at Immediate._onImmediate (C:\Users\omgoyal\AppData\Local\Temp\playwright-java-16079532416761377328\package\lib\server\utils\pipeTransport.js:77:34)
    at process.processImmediate (node:internal/timers:491:21)
}
at com.microsoft.playwright.impl.WaitableResult.get(WaitableResult.java:54)
at com.microsoft.playwright.impl.ChannelOwner.runUntil(ChannelOwner.java:132)
at com.microsoft.playwright.impl.Connection.sendMessage(Connection.java:130)
at com.microsoft.playwright.impl.ChannelOwner.sendMessage(ChannelOwner.java:118)
at com.microsoft.playwright.impl.FrameImpl.waitForSelectorImpl(FrameImpl.java:1060)
at com.microsoft.playwright.impl.LocatorImpl.lambda$waitForImpl$8(LocatorImpl.java:634)
at com.microsoft.playwright.impl.LoggingSupport.withLogging(LoggingSupport.java:47)
at com.microsoft.playwright.impl.ChannelOwner.withLogging(ChannelOwner.java:97)
at com.microsoft.playwright.impl.LocatorImpl.waitForImpl(LocatorImpl.java:634)
at com.microsoft.playwright.impl.LocatorImpl.waitFor(LocatorImpl.java:630)
at com.qa.pages.HomePage.clickLoginButton(HomePage.java:86)
at com.qa.test.LoginPageTest.loginPageNavigationTest1(LoginPageTest.java:24)
at java.base/jdk.internal.reflect.NativeMethodAccessorImpl.invoke0(Native Method)
at java.base/jdk.internal.reflect.NativeMethodAccessorImpl.invoke(NativeMethodAccessorImpl.java:77)
at java.base/jdk.internal.reflect.DelegatingMethodAccessorImpl.invoke(DelegatingMethodAccessorImpl.java:43)
at java.base/java.lang.reflect.Method.invoke(Method.java:569)
at org.testng.internal.MethodInvocationHelper.invokeMethod(MethodInvocationHelper.java:133)
at org.testng.internal.TestInvoker.invokeMethod(TestInvoker.java:598)
at org.testng.internal.TestInvoker.invokeTestMethod(TestInvoker.java:173)
at org.testng.internal.MethodRunner.runInSequence(MethodRunner.java:46)
at org.testng.internal.TestInvoker$MethodInvocationAgent.invoke(TestInvoker.java:824)
at org.testng.internal.TestInvoker.invokeTestMethods(TestInvoker.java:146)
at org.testng.internal.TestMethodWorker.invokeTestMethods(TestMethodWorker.java:146)
at org.testng.internal.TestMethodWorker.run(TestMethodWorker.java:128)
at java.base/java.util.concurrent.ThreadPoolExecutor.runWorker(ThreadPoolExecutor.java:1136)
at java.base/java.util.concurrent.ThreadPoolExecutor$Worker.run(ThreadPoolExecutor.java:635)
at java.base/java.lang.Thread.run(Thread.java:840)
Caused by: com.microsoft.playwright.impl.TargetClosedError: Error {
  message='Target page, context or browser has been closed
  name='TargetClosedError
  stack='TargetClosedError: Target page, context or browser has been closed
    at DispatcherConnection.dispatch (C:\Users\omgoyal\AppData\Local\Temp\playwright-java-16079532416761377328\package\lib\server\dispatchers\dispatcher.js:283:44)
    at transport.onmessage (C:\Users\omgoyal\AppData\Local\Temp\playwright-java-16079532416761377328\package\lib\cli\driver.js:52:57)
    at Immediate._onImmediate (C:\Users\omgoyal\AppData\Local\Temp\playwright-java-16079532416761377328\package\lib\server\utils\pipeTransport.js:77:34)
    at process.processImmediate (node:internal/timers:491:21)
}
at com.microsoft.playwright.impl.Connection.dispatch(Connection.java:256)
at com.microsoft.playwright.impl.Connection.processOneMessage(Connection.java:211)
at com.microsoft.playwright.impl.ChannelOwner.runUntil(ChannelOwner.java:130)
at com.microsoft.playwright.impl.Connection.sendMessage(Connection.java:130)
at com.microsoft.playwright.impl.ChannelOwner.sendMessage(ChannelOwner.java:118)
at com.microsoft.playwright.impl.ChannelOwner.sendMessage(ChannelOwner.java:113)
at com.microsoft.playwright.impl.BrowserImpl.closeImpl(BrowserImpl.java:89)
at com.microsoft.playwright.impl.BrowserImpl.lambda$close$0(BrowserImpl.java:72)
at com.microsoft.playwright.impl.LoggingSupport.lambda$withLogging$0(LoggingSupport.java:36)
at com.microsoft.playwright.impl.LoggingSupport.withLogging(LoggingSupport.java:47)
at com.microsoft.playwright.impl.ChannelOwner.withLogging(ChannelOwner.java:97)
at com.microsoft.playwright.impl.LoggingSupport.withLogging(LoggingSupport.java:35)
at com.microsoft.playwright.impl.BrowserImpl.close(BrowserImpl.java:72)
at com.microsoft.playwright.Browser.close(Browser.java:1268)
at com.qa.factory.PlaywrightFactory.tearDown(PlaywrightFactory.java:149)
at com.qa.base.BaseTest.tearDown(BaseTest.java:51)
at java.base/jdk.internal.reflect.NativeMethodAccessorImpl.invoke0(Native Method)
at java.base/jdk.internal.reflect.NativeMethodAccessorImpl.invoke(NativeMethodAccessorImpl.java:77)
at java.base/jdk.internal.reflect.DelegatingMethodAccessorImpl.invoke(DelegatingMethodAccessorImpl.java:43)
at java.base/java.lang.reflect.Method.invoke(Method.java:569)
at org.testng.internal.MethodInvocationHelper.invokeMethod(MethodInvocationHelper.java:133)
at org.testng.internal.MethodInvocationHelper.invokeMethodConsideringTimeout(MethodInvocationHelper.java:62)
at org.testng.internal.ConfigInvoker.invokeConfigurationMethod(ConfigInvoker.java:385)
at org.testng.internal.ConfigInvoker.invokeConfigurations(ConfigInvoker.java:321)
at org.testng.internal.TestInvoker.runConfigMethods(TestInvoker.java:700)
at org.testng.internal.TestInvoker.runAfterGroupsConfigurations(TestInvoker.java:676)
at org.testng.internal.TestInvoker.invokeMethod(TestInvoker.java:660)
... 9 more
]]>
    </error>
  </testcase> <!-- loginPageNavigationTest1 -->
  <system-out/>
  <testcase classname="com.qa.test.LoginPageTest" name="loginPageNavigationTest" time="5.894"/>
  <system-out/>
  <testcase classname="com.qa.test.LoginPageTest" name="loginPageNavigationTest2" time="21.545"/>
  <system-out/>
  <testcase classname="com.qa.test.LoginPageTest" name="loginPageNavigationTest" time="11.215"/>
  <system-out/>
  <testcase classname="com.qa.test.LoginPageTest" name="setup" time="37.956">
    <error message="Error {
  message=&#039;Timeout 30000ms exceeded.
  name=&#039;TimeoutError
  stack=&#039;TimeoutError: Timeout 30000ms exceeded.
    at ProgressController.run (C:\Users\omgoyal\AppData\Local\Temp\playwright-java-16079532416761377328\package\lib\server\progress.js:75:26)
    at Frame.goto (C:\Users\omgoyal\AppData\Local\Temp\playwright-java-16079532416761377328\package\lib\server\frames.js:521:23)
    at FrameDispatcher.goto (C:\Users\omgoyal\AppData\Local\Temp\playwright-java-16079532416761377328\package\lib\server\dispatchers\frameDispatcher.js:81:119)
    at FrameDispatcher._handleCommand (C:\Users\omgoyal\AppData\Local\Temp\playwright-java-16079532416761377328\package\lib\server\dispatchers\dispatcher.js:96:40)
    at DispatcherConnection.dispatch (C:\Users\omgoyal\AppData\Local\Temp\playwright-java-16079532416761377328\package\lib\server\dispatchers\dispatcher.js:366:39)
}
Call log:
-   - navigating to &quot;https://naveenautomationlabs.com/opencart/&quot;, waiting until &quot;load&quot;
" type="com.microsoft.playwright.TimeoutError">
      <![CDATA[com.microsoft.playwright.TimeoutError: Error {
  message='Timeout 30000ms exceeded.
  name='TimeoutError
  stack='TimeoutError: Timeout 30000ms exceeded.
    at ProgressController.run (C:\Users\omgoyal\AppData\Local\Temp\playwright-java-16079532416761377328\package\lib\server\progress.js:75:26)
    at Frame.goto (C:\Users\omgoyal\AppData\Local\Temp\playwright-java-16079532416761377328\package\lib\server\frames.js:521:23)
    at FrameDispatcher.goto (C:\Users\omgoyal\AppData\Local\Temp\playwright-java-16079532416761377328\package\lib\server\dispatchers\frameDispatcher.js:81:119)
    at FrameDispatcher._handleCommand (C:\Users\omgoyal\AppData\Local\Temp\playwright-java-16079532416761377328\package\lib\server\dispatchers\dispatcher.js:96:40)
    at DispatcherConnection.dispatch (C:\Users\omgoyal\AppData\Local\Temp\playwright-java-16079532416761377328\package\lib\server\dispatchers\dispatcher.js:366:39)
}
Call log:
-   - navigating to "https://naveenautomationlabs.com/opencart/", waiting until "load"

at com.microsoft.playwright.impl.WaitableResult.get(WaitableResult.java:52)
at com.microsoft.playwright.impl.ChannelOwner.runUntil(ChannelOwner.java:132)
at com.microsoft.playwright.impl.Connection.sendMessage(Connection.java:130)
at com.microsoft.playwright.impl.ChannelOwner.sendMessage(ChannelOwner.java:118)
at com.microsoft.playwright.impl.FrameImpl.navigateImpl(FrameImpl.java:463)
at com.microsoft.playwright.impl.PageImpl.lambda$navigate$47(PageImpl.java:943)
at com.microsoft.playwright.impl.LoggingSupport.withLogging(LoggingSupport.java:47)
at com.microsoft.playwright.impl.ChannelOwner.withLogging(ChannelOwner.java:97)
at com.microsoft.playwright.impl.PageImpl.navigate(PageImpl.java:943)
at com.microsoft.playwright.impl.PageImpl.navigate(PageImpl.java:42)
at com.microsoft.playwright.Page.navigate(Page.java:5491)
at com.qa.factory.PlaywrightFactory.initBrowser(PlaywrightFactory.java:92)
at com.qa.base.BaseTest.setup(BaseTest.java:42)
at java.base/jdk.internal.reflect.NativeMethodAccessorImpl.invoke0(Native Method)
at java.base/jdk.internal.reflect.NativeMethodAccessorImpl.invoke(NativeMethodAccessorImpl.java:77)
at java.base/jdk.internal.reflect.DelegatingMethodAccessorImpl.invoke(DelegatingMethodAccessorImpl.java:43)
at java.base/java.lang.reflect.Method.invoke(Method.java:569)
at org.testng.internal.MethodInvocationHelper.invokeMethod(MethodInvocationHelper.java:133)
at org.testng.internal.MethodInvocationHelper.invokeMethodConsideringTimeout(MethodInvocationHelper.java:62)
at org.testng.internal.ConfigInvoker.invokeConfigurationMethod(ConfigInvoker.java:385)
at org.testng.internal.ConfigInvoker.invokeConfigurations(ConfigInvoker.java:321)
at org.testng.internal.TestInvoker.runConfigMethods(TestInvoker.java:700)
at org.testng.internal.TestInvoker.invokeMethod(TestInvoker.java:527)
at org.testng.internal.TestInvoker.invokeTestMethod(TestInvoker.java:173)
at org.testng.internal.MethodRunner.runInSequence(MethodRunner.java:46)
at org.testng.internal.TestInvoker$MethodInvocationAgent.invoke(TestInvoker.java:824)
at org.testng.internal.TestInvoker.invokeTestMethods(TestInvoker.java:146)
at org.testng.internal.TestMethodWorker.invokeTestMethods(TestMethodWorker.java:146)
at org.testng.internal.TestMethodWorker.run(TestMethodWorker.java:128)
at java.base/java.util.concurrent.ThreadPoolExecutor.runWorker(ThreadPoolExecutor.java:1136)
at java.base/java.util.concurrent.ThreadPoolExecutor$Worker.run(ThreadPoolExecutor.java:635)
at java.base/java.lang.Thread.run(Thread.java:840)
Caused by: com.microsoft.playwright.TimeoutError: Error {
  message='Timeout 30000ms exceeded.
  name='TimeoutError
  stack='TimeoutError: Timeout 30000ms exceeded.
    at ProgressController.run (C:\Users\omgoyal\AppData\Local\Temp\playwright-java-16079532416761377328\package\lib\server\progress.js:75:26)
    at Frame.goto (C:\Users\omgoyal\AppData\Local\Temp\playwright-java-16079532416761377328\package\lib\server\frames.js:521:23)
    at FrameDispatcher.goto (C:\Users\omgoyal\AppData\Local\Temp\playwright-java-16079532416761377328\package\lib\server\dispatchers\frameDispatcher.js:81:119)
    at FrameDispatcher._handleCommand (C:\Users\omgoyal\AppData\Local\Temp\playwright-java-16079532416761377328\package\lib\server\dispatchers\dispatcher.js:96:40)
    at DispatcherConnection.dispatch (C:\Users\omgoyal\AppData\Local\Temp\playwright-java-16079532416761377328\package\lib\server\dispatchers\dispatcher.js:366:39)
}
Call log:
-   - navigating to "https://naveenautomationlabs.com/opencart/", waiting until "load"

at com.microsoft.playwright.impl.Connection.dispatch(Connection.java:254)
at com.microsoft.playwright.impl.Connection.processOneMessage(Connection.java:211)
at com.microsoft.playwright.impl.ChannelOwner.runUntil(ChannelOwner.java:130)
... 30 more
]]>
    </error>
  </testcase> <!-- setup -->
  <system-out/>
  <testcase classname="com.qa.test.LoginPageTest" name="loginPageNavigationTest2" time="1.250"/>
  <system-out/>
  <testcase classname="com.qa.test.LoginPageTest" name="loginPageNavigationTest1" time="0.000">
    <skipped/>
  </testcase> <!-- loginPageNavigationTest1 -->
  <system-out/>
</testsuite> <!-- com.qa.test.LoginPageTest -->
